[2023-10-11 22:47:00,929] multiqc                                            [DEBUG  ]  This is MultiQC v1.13
[2023-10-11 22:47:00,929] multiqc                                            [DEBUG  ]  Command used: /usr/local/bin/multiqc -o multiqc fastqc
[2023-10-11 22:47:01,407] multiqc                                            [WARNING]  MultiQC Version v1.16 now available!
[2023-10-11 22:47:01,407] multiqc                                            [DEBUG  ]  Working dir : /home/vkvasilev
[2023-10-11 22:47:01,407] multiqc                                            [DEBUG  ]  Template    : default
[2023-10-11 22:47:01,407] multiqc                                            [DEBUG  ]  Running Python 3.10.12 (main, Jun 11 2023, 05:26:28) [GCC 11.4.0]
[2023-10-11 22:47:01,407] multiqc                                            [DEBUG  ]  Analysing modules: custom_content, ccs, ngsderive, purple, conpair, lima, peddy, somalier, methylQA, mosdepth, phantompeakqualtools, qualimap, preseq, quast, qorts, rna_seqc, rockhopper, rsem, rseqc, busco, bustools, goleft_indexcov, gffcompare, disambiguate, supernova, deeptools, sargasso, verifybamid, mirtrace, happy, mirtop, sambamba, homer, hops, macs2, theta2, snpeff, gatk, htseq, bcftools, featureCounts, fgbio, dragen, dedup, pbmarkdup, damageprofiler, biobambam2, jcvi, mtnucratio, picard, vep, sentieon, prokka, qc3C, nanostat, samblaster, samtools, sexdeterrmine, eigenstratdatabasetools, bamtools, jellyfish, vcftools, longranger, stacks, varscan2, snippy, bbmap, bismark, biscuit, hicexplorer, hicup, hicpro, salmon, kallisto, slamdunk, star, hisat2, tophat, bowtie2, bowtie1, snpsplit, odgi, pangolin, kat, leehom, adapterRemoval, clipandmerge, cutadapt, flexbar, kaiju, kraken, malt, trimmomatic, sickle, skewer, sortmerna, biobloomtools, fastq_screen, afterqc, fastp, fastqc, pychopper, pycoqc, minionqc, multivcfanalyzer, clusterflow, checkqc, bcl2fastq, bclconvert, interop, ivar, flash, seqyclean, optitype, whatshap
[2023-10-11 22:47:01,407] multiqc                                            [DEBUG  ]  Using temporary directory for creating report: /tmp/tmpe4bz9shb
[2023-10-11 22:47:01,472] multiqc                                            [INFO   ]  Search path : /home/vkvasilev/fastqc
[2023-10-11 22:47:01,704] multiqc                                            [DEBUG  ]  Summary of files that were skipped by the search: [skipped_module_specific_max_filesize: 46] // [skipped_no_match: 6]
[2023-10-11 22:47:02,297] multiqc.plots.bargraph                             [DEBUG  ]  Using matplotlib version 3.6.0
[2023-10-11 22:47:02,297] multiqc.plots.linegraph                            [DEBUG  ]  Using matplotlib version 3.6.0
[2023-10-11 22:47:02,298] multiqc                                            [DEBUG  ]  No samples found: custom_content
[2023-10-11 22:47:02,301] multiqc.modules.fastqc.fastqc                      [DEBUG  ]  Skipping 'matep2_fastqc.zip' as already parsed 'matep2'
[2023-10-11 22:47:02,301] multiqc.modules.fastqc.fastqc                      [DEBUG  ]  Duplicate sample name found! Overwriting: sub2
[2023-10-11 22:47:02,305] multiqc.modules.fastqc.fastqc                      [INFO   ]  Found 4 reports
[2023-10-11 22:47:02,305] multiqc.modules.fastqc.fastqc                      [WARNING]  Sample had zero reads: 'sub1'
[2023-10-11 22:47:02,305] multiqc.modules.fastqc.fastqc                      [WARNING]  Sample had zero reads: 'matep2'
[2023-10-11 22:47:02,305] multiqc.modules.fastqc.fastqc                      [WARNING]  Sample had zero reads: 'sub2'
[2023-10-11 22:47:02,331] multiqc                                            [INFO   ]  Compressing plot data
[2023-10-11 22:47:02,352] multiqc                                            [INFO   ]  Report      : multiqc/multiqc_report.html
[2023-10-11 22:47:02,353] multiqc                                            [INFO   ]  Data        : multiqc/multiqc_data
[2023-10-11 22:47:02,353] multiqc                                            [DEBUG  ]  Moving data file from '/tmp/tmpe4bz9shb/multiqc_data' to 'multiqc/multiqc_data'
[2023-10-11 22:47:02,403] multiqc                                            [INFO   ]  MultiQC complete
